<?xml version="1.0" encoding="UTF-8"?>
<!-- Generated by org.testng.reporters.JUnitXMLReporter -->
<testsuite ignored="0" hostname="DESKTOP-R71D8IR" failures="0" tests="4" name="Login Page Test_chrome" time="11.621" errors="0" timestamp="2025-05-23T17:02:26 EDT">
  <testcase classname="com.qa.opencart.tests.LoginPageTest" name="forgotPasswordLinkExistTest" time="0.747"/>
  <testcase classname="com.qa.opencart.tests.LoginPageTest" name="loginPageTitleTest" time="0.08"/>
  <testcase classname="com.qa.opencart.tests.LoginPageTest" name="loginPageURLTest" time="0.048"/>
  <testcase classname="com.qa.opencart.tests.LoginPageTest" name="doLoginTest" time="3.317"/>
</testsuite> <!-- Login Page Test_chrome -->
