<?xml version="1.0" encoding="UTF-8"?>
<!-- Generated by org.testng.reporters.JUnitXMLReporter -->
<testsuite ignored="0" hostname="DESKTOP-R71D8IR" failures="0" tests="2" name="Accounts Page Test_edge" time="11.875" errors="0" timestamp="2025-05-07T16:12:41 EDT">
  <testcase classname="com.qa.opencart.tests.AccountsPageTest" name="AccountsPageTitleTest" time="0.143"/>
  <testcase classname="com.qa.opencart.tests.AccountsPageTest" name="AccountsPageUrlTest" time="0.06"/>
</testsuite> <!-- Accounts Page Test_edge -->
