<?xml version="1.0" encoding="UTF-8"?>
<!-- Generated by org.testng.reporters.JUnitXMLReporter -->
<testsuite ignored="0" hostname="DESKTOP-R71D8IR" failures="0" tests="2" name="Accounts Page Test_firefox" time="12.427" errors="0" timestamp="2025-06-26T17:59:56 EDT">
  <testcase classname="com.qa.opencart.tests.AccountsPageTest" name="AccountsPageTitleTest" time="0.033"/>
  <testcase classname="com.qa.opencart.tests.AccountsPageTest" name="AccountsPageUrlTest" time="0.033"/>
</testsuite> <!-- Accounts Page Test_firefox -->
