<?xml version="1.0" encoding="UTF-8"?>
<!-- Generated by org.testng.reporters.JUnitXMLReporter -->
<testsuite ignored="0" hostname="DESKTOP-R71D8IR" failures="0" tests="2" name="Accounts Page Test_chrome" time="81.901" errors="0" timestamp="2025-06-10T15:47:38 EDT">
  <testcase classname="com.qa.opencart.tests.AccountsPageTest" name="AccountsPageTitleTest" time="1.398"/>
  <testcase classname="com.qa.opencart.tests.AccountsPageTest" name="AccountsPageUrlTest" time="0.874"/>
</testsuite> <!-- Accounts Page Test_chrome -->
