<?xml version="1.0" encoding="UTF-8"?>
<!-- Generated by org.testng.reporters.JUnitXMLReporter -->
<testsuite ignored="0" hostname="DESKTOP-R71D8IR" failures="0" tests="2" name="Accounts Page Test_chrome" time="9.858" errors="0" timestamp="2025-05-07T16:12:29 EDT">
  <testcase classname="com.qa.opencart.tests.AccountsPageTest" name="AccountsPageTitleTest" time="0.024"/>
  <testcase classname="com.qa.opencart.tests.AccountsPageTest" name="AccountsPageUrlTest" time="0.02"/>
</testsuite> <!-- Accounts Page Test_chrome -->
