<?xml version="1.0" encoding="UTF-8"?>
<!-- Generated by org.testng.reporters.JUnitXMLReporter -->
<testsuite ignored="0" hostname="DESKTOP-R71D8IR" failures="0" tests="4" name="Login Page Test_firefox" time="13.095" errors="0" timestamp="2025-06-02T10:41:07 EDT">
  <testcase classname="com.qa.opencart.tests.LoginPageTest" name="forgotPasswordLinkExistTest" time="0.813"/>
  <testcase classname="com.qa.opencart.tests.LoginPageTest" name="loginPageTitleTest" time="0.028"/>
  <testcase classname="com.qa.opencart.tests.LoginPageTest" name="loginPageURLTest" time="0.025"/>
  <testcase classname="com.qa.opencart.tests.LoginPageTest" name="doLoginTest" time="2.973"/>
</testsuite> <!-- Login Page Test_firefox -->
