<?xml version="1.0" encoding="UTF-8"?>
<!-- Generated by org.testng.reporters.JUnitXMLReporter -->
<testsuite ignored="0" hostname="DESKTOP-R71D8IR" failures="0" tests="4" name="Login Page Test_edge" time="180.781" errors="0" timestamp="2025-06-02T10:43:55 EDT">
  <testcase classname="com.qa.opencart.tests.LoginPageTest" name="forgotPasswordLinkExistTest" time="0.002">
    <skipped/>
  </testcase> <!-- forgotPasswordLinkExistTest -->
  <testcase classname="com.qa.opencart.tests.LoginPageTest" name="loginPageTitleTest" time="0.0">
    <skipped/>
  </testcase> <!-- loginPageTitleTest -->
  <testcase classname="com.qa.opencart.tests.LoginPageTest" name="loginPageURLTest" time="0.0">
    <skipped/>
  </testcase> <!-- loginPageURLTest -->
  <testcase classname="com.qa.opencart.tests.LoginPageTest" name="doLoginTest" time="0.0">
    <skipped/>
  </testcase> <!-- doLoginTest -->
</testsuite> <!-- Login Page Test_edge -->
