<?xml version="1.0" encoding="UTF-8"?>
<!-- Generated by org.testng.reporters.JUnitXMLReporter -->
<testsuite ignored="0" hostname="DESKTOP-R71D8IR" failures="0" tests="11" name="ProductInfo Page Test" time="56.216" errors="0" timestamp="2025-05-07T15:50:25 EDT">
  <testcase classname="com.qa.opencart.tests.ProductInfoPageTest" name="ProductHeaderTest" time="7.866"/>
  <testcase classname="com.qa.opencart.tests.ProductInfoPageTest" name="ProductHeaderTest" time="5.001"/>
  <testcase classname="com.qa.opencart.tests.ProductInfoPageTest" name="ProductHeaderTest" time="4.072"/>
  <testcase classname="com.qa.opencart.tests.ProductInfoPageTest" name="ProductHeaderTest" time="3.636"/>
  <testcase classname="com.qa.opencart.tests.ProductInfoPageTest" name="ProductHeaderTest" time="3.437"/>
  <testcase classname="com.qa.opencart.tests.ProductInfoPageTest" name="ProductImageCountTest" time="2.977"/>
  <testcase classname="com.qa.opencart.tests.ProductInfoPageTest" name="ProductImageCountTest" time="2.884"/>
  <testcase classname="com.qa.opencart.tests.ProductInfoPageTest" name="ProductImageCountTest" time="2.855"/>
  <testcase classname="com.qa.opencart.tests.ProductInfoPageTest" name="ProductImageCountTest" time="2.995"/>
  <testcase classname="com.qa.opencart.tests.ProductInfoPageTest" name="ProductImageCountTest" time="2.977"/>
  <testcase classname="com.qa.opencart.tests.ProductInfoPageTest" name="ProductInfoTest" time="3.625"/>
</testsuite> <!-- ProductInfo Page Test -->
