<?xml version="1.0" encoding="UTF-8"?>
<!-- Generated by org.testng.reporters.JUnitXMLReporter -->
<testsuite ignored="0" hostname="DESKTOP-R71D8IR" failures="0" tests="4" name="Login Page Test_firefox" time="19.797" errors="0" timestamp="2025-06-02T23:15:10 EDT">
  <testcase classname="com.qa.opencart.tests.LoginPageTest" name="forgotPasswordLinkExistTest" time="1.179"/>
  <testcase classname="com.qa.opencart.tests.LoginPageTest" name="loginPageTitleTest" time="0.035"/>
  <testcase classname="com.qa.opencart.tests.LoginPageTest" name="loginPageURLTest" time="0.039"/>
  <testcase classname="com.qa.opencart.tests.LoginPageTest" name="doLoginTest" time="3.261"/>
</testsuite> <!-- Login Page Test_firefox -->
