<?xml version="1.0" encoding="UTF-8"?>
<!-- Generated by org.testng.reporters.JUnitXMLReporter -->
<testsuite ignored="0" hostname="DESKTOP-R71D8IR" failures="0" tests="4" name="Login Page Test_firefox" time="17.643" errors="0" timestamp="2025-06-02T16:49:34 EDT">
  <testcase classname="com.qa.opencart.tests.LoginPageTest" name="forgotPasswordLinkExistTest" time="1.193"/>
  <testcase classname="com.qa.opencart.tests.LoginPageTest" name="loginPageTitleTest" time="0.068"/>
  <testcase classname="com.qa.opencart.tests.LoginPageTest" name="loginPageURLTest" time="0.048"/>
  <testcase classname="com.qa.opencart.tests.LoginPageTest" name="doLoginTest" time="4.228"/>
</testsuite> <!-- Login Page Test_firefox -->
