<?xml version="1.0" encoding="UTF-8"?>
<!-- Generated by org.testng.reporters.JUnitXMLReporter -->
<testsuite ignored="0" hostname="DESKTOP-R71D8IR" failures="0" tests="4" name="Login Page Test_chrome" time="8.492" errors="0" timestamp="2025-05-08T15:27:36 EDT">
  <testcase classname="com.qa.opencart.tests.LoginPageTest" name="forgotPasswordLinkExistTest" time="0.527"/>
  <testcase classname="com.qa.opencart.tests.LoginPageTest" name="loginPageTitleTest" time="0.014"/>
  <testcase classname="com.qa.opencart.tests.LoginPageTest" name="loginPageURLTest" time="0.01"/>
  <testcase classname="com.qa.opencart.tests.LoginPageTest" name="doLoginTest" time="2.875"/>
</testsuite> <!-- Login Page Test_chrome -->
