<?xml version="1.0" encoding="UTF-8"?>
<testsuite xmlns:xsi="http://www.w3.org/2001/XMLSchema-instance" xsi:noNamespaceSchemaLocation="https://maven.apache.org/surefire/maven-surefire-plugin/xsd/surefire-test-report.xsd" name="TestSuite" time="12.13" tests="12" errors="0" skipped="0" failures="0">
  <properties>
[...]
</properties>
  <testcase name="forgotPasswordLinkExistTest" classname="com.qa.opencart.tests.LoginPageTest" time="0.517"/>
  <testcase name="forgotPasswordLinkExistTest" classname="com.qa.opencart.tests.LoginPageTest" time="0.008"/>
  <testcase name="forgotPasswordLinkExistTest" classname="com.qa.opencart.tests.LoginPageTest" time="0.653"/>
  <testcase name="loginPageTitleTest" classname="com.qa.opencart.tests.LoginPageTest" time="0.008"/>
  <testcase name="loginPageTitleTest" classname="com.qa.opencart.tests.LoginPageTest" time="0.004"/>
  <testcase name="loginPageTitleTest" classname="com.qa.opencart.tests.LoginPageTest" time="0.015"/>
  <testcase name="loginPageURLTest" classname="com.qa.opencart.tests.LoginPageTest" time="0.01"/>
  <testcase name="loginPageURLTest" classname="com.qa.opencart.tests.LoginPageTest" time="0"/>
  <testcase name="loginPageURLTest" classname="com.qa.opencart.tests.LoginPageTest" time="0.007"/>
  <testcase name="doLoginTest" classname="com.qa.opencart.tests.LoginPageTest" time="0.203"/>
  <testcase name="doLoginTest" classname="com.qa.opencart.tests.LoginPageTest" time="0.223"/>
  <testcase name="doLoginTest" classname="com.qa.opencart.tests.LoginPageTest" time="2.327"/>
</testsuite>