<?xml version="1.0" encoding="UTF-8"?>
<testng-results ignored="0" total="8" passed="8" failed="0" skipped="0">
  <reporter-output>
  </reporter-output>
  <suite started-at="2025-06-02T16:49:16 EDT" name="Opencart App Test Regression Suite" finished-at="2025-06-02T16:49:34 EDT" duration-ms="17643">
    <groups>
    </groups>
    <test started-at="2025-06-02T16:49:16 EDT" name="Login Page Test_chrome" finished-at="2025-06-02T16:49:33 EDT" duration-ms="16110">
      <class name="com.qa.opencart.tests.LoginPageTest">
        <test-method is-config="true" signature="setup(java.lang.String)[pri:0, instance:com.qa.opencart.tests.LoginPageTest@2fbd390]" started-at="2025-06-02T16:49:16 EDT" name="setup" finished-at="2025-06-02T16:49:25 EDT" duration-ms="8662" status="PASS">
          <params>
            <param index="0">
              <value>
                <![CDATA[chrome]]>
              </value>
            </param>
          </params>
          <reporter-output>
          </reporter-output>
        </test-method> <!-- setup -->
        <test-method signature="forgotPasswordLinkExistTest()[pri:0, instance:com.qa.opencart.tests.LoginPageTest@2fbd390]" started-at="2025-06-02T16:49:25 EDT" name="forgotPasswordLinkExistTest" description="forgotPasswordLinkExistTest" finished-at="2025-06-02T16:49:26 EDT" duration-ms="1197" status="PASS">
          <reporter-output>
          </reporter-output>
        </test-method> <!-- forgotPasswordLinkExistTest -->
        <test-method is-config="true" signature="attachScreenshot(org.testng.ITestResult)[pri:0, instance:com.qa.opencart.tests.LoginPageTest@2fbd390]" started-at="2025-06-02T16:49:27 EDT" name="attachScreenshot" finished-at="2025-06-02T16:49:27 EDT" duration-ms="5" status="PASS">
          <params>
            <param index="0">
              <value>
                <![CDATA[[TestResult name=forgotPasswordLinkExistTest status=SUCCESS method=LoginPageTest.forgotPasswordLinkExistTest()[pri:0, instance:com.qa.opencart.tests.LoginPageTest@2fbd390] output={null}]]]>
              </value>
            </param>
          </params>
          <reporter-output>
          </reporter-output>
        </test-method> <!-- attachScreenshot -->
        <test-method signature="loginPageTitleTest()[pri:0, instance:com.qa.opencart.tests.LoginPageTest@2fbd390]" started-at="2025-06-02T16:49:27 EDT" name="loginPageTitleTest" description="checking login title" finished-at="2025-06-02T16:49:27 EDT" duration-ms="106" status="PASS">
          <reporter-output>
          </reporter-output>
        </test-method> <!-- loginPageTitleTest -->
        <test-method is-config="true" signature="attachScreenshot(org.testng.ITestResult)[pri:0, instance:com.qa.opencart.tests.LoginPageTest@2fbd390]" started-at="2025-06-02T16:49:27 EDT" name="attachScreenshot" finished-at="2025-06-02T16:49:27 EDT" duration-ms="2" status="PASS">
          <params>
            <param index="0">
              <value>
                <![CDATA[[TestResult name=loginPageTitleTest status=SUCCESS method=LoginPageTest.loginPageTitleTest()[pri:0, instance:com.qa.opencart.tests.LoginPageTest@2fbd390] output={null}]]]>
              </value>
            </param>
          </params>
          <reporter-output>
          </reporter-output>
        </test-method> <!-- attachScreenshot -->
        <test-method signature="loginPageURLTest()[pri:0, instance:com.qa.opencart.tests.LoginPageTest@2fbd390]" started-at="2025-06-02T16:49:27 EDT" name="loginPageURLTest" description="checking login page Url" finished-at="2025-06-02T16:49:27 EDT" duration-ms="88" status="PASS">
          <reporter-output>
          </reporter-output>
        </test-method> <!-- loginPageURLTest -->
        <test-method is-config="true" signature="attachScreenshot(org.testng.ITestResult)[pri:0, instance:com.qa.opencart.tests.LoginPageTest@2fbd390]" started-at="2025-06-02T16:49:27 EDT" name="attachScreenshot" finished-at="2025-06-02T16:49:27 EDT" duration-ms="1" status="PASS">
          <params>
            <param index="0">
              <value>
                <![CDATA[[TestResult name=loginPageURLTest status=SUCCESS method=LoginPageTest.loginPageURLTest()[pri:0, instance:com.qa.opencart.tests.LoginPageTest@2fbd390] output={null}]]]>
              </value>
            </param>
          </params>
          <reporter-output>
          </reporter-output>
        </test-method> <!-- attachScreenshot -->
        <test-method signature="doLoginTest()[pri:32767, instance:com.qa.opencart.tests.LoginPageTest@2fbd390]" started-at="2025-06-02T16:49:27 EDT" name="doLoginTest" description="login with valid credentials" finished-at="2025-06-02T16:49:32 EDT" duration-ms="5276" status="PASS">
          <reporter-output>
          </reporter-output>
        </test-method> <!-- doLoginTest -->
        <test-method is-config="true" signature="attachScreenshot(org.testng.ITestResult)[pri:0, instance:com.qa.opencart.tests.LoginPageTest@2fbd390]" started-at="2025-06-02T16:49:32 EDT" name="attachScreenshot" finished-at="2025-06-02T16:49:32 EDT" duration-ms="2" status="PASS">
          <params>
            <param index="0">
              <value>
                <![CDATA[[TestResult name=doLoginTest status=SUCCESS method=LoginPageTest.doLoginTest()[pri:32767, instance:com.qa.opencart.tests.LoginPageTest@2fbd390] output={null}]]]>
              </value>
            </param>
          </params>
          <reporter-output>
          </reporter-output>
        </test-method> <!-- attachScreenshot -->
        <test-method is-config="true" signature="tearDown()[pri:0, instance:com.qa.opencart.tests.LoginPageTest@2fbd390]" started-at="2025-06-02T16:49:32 EDT" name="tearDown" finished-at="2025-06-02T16:49:33 EDT" duration-ms="167" status="PASS">
          <reporter-output>
          </reporter-output>
        </test-method> <!-- tearDown -->
      </class> <!-- com.qa.opencart.tests.LoginPageTest -->
    </test> <!-- Login Page Test_chrome -->
    <test started-at="2025-06-02T16:49:16 EDT" name="Login Page Test_firefox" finished-at="2025-06-02T16:49:34 EDT" duration-ms="17643">
      <class name="com.qa.opencart.tests.LoginPageTest">
        <test-method is-config="true" signature="setup(java.lang.String)[pri:0, instance:com.qa.opencart.tests.LoginPageTest@72224107]" started-at="2025-06-02T16:49:16 EDT" name="setup" finished-at="2025-06-02T16:49:27 EDT" duration-ms="10545" status="PASS">
          <params>
            <param index="0">
              <value>
                <![CDATA[firefox]]>
              </value>
            </param>
          </params>
          <reporter-output>
          </reporter-output>
        </test-method> <!-- setup -->
        <test-method signature="forgotPasswordLinkExistTest()[pri:0, instance:com.qa.opencart.tests.LoginPageTest@72224107]" started-at="2025-06-02T16:49:27 EDT" name="forgotPasswordLinkExistTest" description="forgotPasswordLinkExistTest" finished-at="2025-06-02T16:49:28 EDT" duration-ms="1193" status="PASS">
          <reporter-output>
          </reporter-output>
        </test-method> <!-- forgotPasswordLinkExistTest -->
        <test-method is-config="true" signature="attachScreenshot(org.testng.ITestResult)[pri:0, instance:com.qa.opencart.tests.LoginPageTest@72224107]" started-at="2025-06-02T16:49:28 EDT" name="attachScreenshot" finished-at="2025-06-02T16:49:28 EDT" duration-ms="1" status="PASS">
          <params>
            <param index="0">
              <value>
                <![CDATA[[TestResult name=forgotPasswordLinkExistTest status=SUCCESS method=LoginPageTest.forgotPasswordLinkExistTest()[pri:0, instance:com.qa.opencart.tests.LoginPageTest@72224107] output={null}]]]>
              </value>
            </param>
          </params>
          <reporter-output>
          </reporter-output>
        </test-method> <!-- attachScreenshot -->
        <test-method signature="loginPageTitleTest()[pri:0, instance:com.qa.opencart.tests.LoginPageTest@72224107]" started-at="2025-06-02T16:49:28 EDT" name="loginPageTitleTest" description="checking login title" finished-at="2025-06-02T16:49:28 EDT" duration-ms="68" status="PASS">
          <reporter-output>
          </reporter-output>
        </test-method> <!-- loginPageTitleTest -->
        <test-method is-config="true" signature="attachScreenshot(org.testng.ITestResult)[pri:0, instance:com.qa.opencart.tests.LoginPageTest@72224107]" started-at="2025-06-02T16:49:28 EDT" name="attachScreenshot" finished-at="2025-06-02T16:49:28 EDT" duration-ms="2" status="PASS">
          <params>
            <param index="0">
              <value>
                <![CDATA[[TestResult name=loginPageTitleTest status=SUCCESS method=LoginPageTest.loginPageTitleTest()[pri:0, instance:com.qa.opencart.tests.LoginPageTest@72224107] output={null}]]]>
              </value>
            </param>
          </params>
          <reporter-output>
          </reporter-output>
        </test-method> <!-- attachScreenshot -->
        <test-method signature="loginPageURLTest()[pri:0, instance:com.qa.opencart.tests.LoginPageTest@72224107]" started-at="2025-06-02T16:49:28 EDT" name="loginPageURLTest" description="checking login page Url" finished-at="2025-06-02T16:49:28 EDT" duration-ms="48" status="PASS">
          <reporter-output>
          </reporter-output>
        </test-method> <!-- loginPageURLTest -->
        <test-method is-config="true" signature="attachScreenshot(org.testng.ITestResult)[pri:0, instance:com.qa.opencart.tests.LoginPageTest@72224107]" started-at="2025-06-02T16:49:28 EDT" name="attachScreenshot" finished-at="2025-06-02T16:49:28 EDT" duration-ms="1" status="PASS">
          <params>
            <param index="0">
              <value>
                <![CDATA[[TestResult name=loginPageURLTest status=SUCCESS method=LoginPageTest.loginPageURLTest()[pri:0, instance:com.qa.opencart.tests.LoginPageTest@72224107] output={null}]]]>
              </value>
            </param>
          </params>
          <reporter-output>
          </reporter-output>
        </test-method> <!-- attachScreenshot -->
        <test-method signature="doLoginTest()[pri:32767, instance:com.qa.opencart.tests.LoginPageTest@72224107]" started-at="2025-06-02T16:49:28 EDT" name="doLoginTest" description="login with valid credentials" finished-at="2025-06-02T16:49:33 EDT" duration-ms="4228" status="PASS">
          <reporter-output>
          </reporter-output>
        </test-method> <!-- doLoginTest -->
        <test-method is-config="true" signature="attachScreenshot(org.testng.ITestResult)[pri:0, instance:com.qa.opencart.tests.LoginPageTest@72224107]" started-at="2025-06-02T16:49:33 EDT" name="attachScreenshot" finished-at="2025-06-02T16:49:33 EDT" duration-ms="2" status="PASS">
          <params>
            <param index="0">
              <value>
                <![CDATA[[TestResult name=doLoginTest status=SUCCESS method=LoginPageTest.doLoginTest()[pri:32767, instance:com.qa.opencart.tests.LoginPageTest@72224107] output={null}]]]>
              </value>
            </param>
          </params>
          <reporter-output>
          </reporter-output>
        </test-method> <!-- attachScreenshot -->
        <test-method is-config="true" signature="tearDown()[pri:0, instance:com.qa.opencart.tests.LoginPageTest@72224107]" started-at="2025-06-02T16:49:33 EDT" name="tearDown" finished-at="2025-06-02T16:49:34 EDT" duration-ms="1458" status="PASS">
          <reporter-output>
          </reporter-output>
        </test-method> <!-- tearDown -->
      </class> <!-- com.qa.opencart.tests.LoginPageTest -->
    </test> <!-- Login Page Test_firefox -->
  </suite> <!-- Opencart App Test Regression Suite -->
</testng-results>
