<?xml version="1.0" encoding="UTF-8"?>
<testng-results ignored="0" total="12" passed="12" failed="0" skipped="0">
  <reporter-output>
  </reporter-output>
  <suite started-at="2025-05-08T15:27:27 EDT" name="Opencart App Test Regression Suite" finished-at="2025-05-08T15:27:39 EDT" duration-ms="11456">
    <groups>
    </groups>
    <test started-at="2025-05-08T15:27:27 EDT" name="Login Page Test_chrome" finished-at="2025-05-08T15:27:36 EDT" duration-ms="8492">
      <class name="com.qa.opencart.tests.LoginPageTest">
        <test-method is-config="true" signature="setup(java.lang.String)[pri:0, instance:com.qa.opencart.tests.LoginPageTest@2667f029]" started-at="2025-05-08T15:27:27 EDT" name="setup" finished-at="2025-05-08T15:27:32 EDT" duration-ms="4602" status="PASS">
          <params>
            <param index="0">
              <value>
                <![CDATA[chrome]]>
              </value>
            </param>
          </params>
          <reporter-output>
          </reporter-output>
        </test-method> <!-- setup -->
        <test-method signature="forgotPasswordLinkExistTest()[pri:0, instance:com.qa.opencart.tests.LoginPageTest@2667f029]" started-at="2025-05-08T15:27:32 EDT" name="forgotPasswordLinkExistTest" finished-at="2025-05-08T15:27:32 EDT" duration-ms="527" status="PASS">
          <reporter-output>
          </reporter-output>
        </test-method> <!-- forgotPasswordLinkExistTest -->
        <test-method signature="loginPageTitleTest()[pri:0, instance:com.qa.opencart.tests.LoginPageTest@2667f029]" started-at="2025-05-08T15:27:32 EDT" name="loginPageTitleTest" finished-at="2025-05-08T15:27:32 EDT" duration-ms="14" status="PASS">
          <reporter-output>
          </reporter-output>
        </test-method> <!-- loginPageTitleTest -->
        <test-method signature="loginPageURLTest()[pri:0, instance:com.qa.opencart.tests.LoginPageTest@2667f029]" started-at="2025-05-08T15:27:32 EDT" name="loginPageURLTest" finished-at="2025-05-08T15:27:32 EDT" duration-ms="10" status="PASS">
          <reporter-output>
          </reporter-output>
        </test-method> <!-- loginPageURLTest -->
        <test-method signature="doLoginTest()[pri:32767, instance:com.qa.opencart.tests.LoginPageTest@2667f029]" started-at="2025-05-08T15:27:32 EDT" name="doLoginTest" finished-at="2025-05-08T15:27:35 EDT" duration-ms="2875" status="PASS">
          <reporter-output>
          </reporter-output>
        </test-method> <!-- doLoginTest -->
        <test-method is-config="true" signature="tearDown()[pri:0, instance:com.qa.opencart.tests.LoginPageTest@2667f029]" started-at="2025-05-08T15:27:35 EDT" name="tearDown" finished-at="2025-05-08T15:27:36 EDT" duration-ms="420" status="PASS">
          <reporter-output>
          </reporter-output>
        </test-method> <!-- tearDown -->
      </class> <!-- com.qa.opencart.tests.LoginPageTest -->
    </test> <!-- Login Page Test_chrome -->
    <test started-at="2025-05-08T15:27:27 EDT" name="Login Page Test_edge" finished-at="2025-05-08T15:27:37 EDT" duration-ms="9542">
      <class name="com.qa.opencart.tests.LoginPageTest">
        <test-method is-config="true" signature="setup(java.lang.String)[pri:0, instance:com.qa.opencart.tests.LoginPageTest@188715b5]" started-at="2025-05-08T15:27:27 EDT" name="setup" finished-at="2025-05-08T15:27:32 EDT" duration-ms="4618" status="PASS">
          <params>
            <param index="0">
              <value>
                <![CDATA[edge]]>
              </value>
            </param>
          </params>
          <reporter-output>
          </reporter-output>
        </test-method> <!-- setup -->
        <test-method signature="forgotPasswordLinkExistTest()[pri:0, instance:com.qa.opencart.tests.LoginPageTest@188715b5]" started-at="2025-05-08T15:27:32 EDT" name="forgotPasswordLinkExistTest" finished-at="2025-05-08T15:27:32 EDT" duration-ms="516" status="PASS">
          <reporter-output>
          </reporter-output>
        </test-method> <!-- forgotPasswordLinkExistTest -->
        <test-method signature="loginPageTitleTest()[pri:0, instance:com.qa.opencart.tests.LoginPageTest@188715b5]" started-at="2025-05-08T15:27:32 EDT" name="loginPageTitleTest" finished-at="2025-05-08T15:27:32 EDT" duration-ms="17" status="PASS">
          <reporter-output>
          </reporter-output>
        </test-method> <!-- loginPageTitleTest -->
        <test-method signature="loginPageURLTest()[pri:0, instance:com.qa.opencart.tests.LoginPageTest@188715b5]" started-at="2025-05-08T15:27:32 EDT" name="loginPageURLTest" finished-at="2025-05-08T15:27:32 EDT" duration-ms="13" status="PASS">
          <reporter-output>
          </reporter-output>
        </test-method> <!-- loginPageURLTest -->
        <test-method signature="doLoginTest()[pri:32767, instance:com.qa.opencart.tests.LoginPageTest@188715b5]" started-at="2025-05-08T15:27:32 EDT" name="doLoginTest" finished-at="2025-05-08T15:27:35 EDT" duration-ms="2856" status="PASS">
          <reporter-output>
          </reporter-output>
        </test-method> <!-- doLoginTest -->
        <test-method is-config="true" signature="tearDown()[pri:0, instance:com.qa.opencart.tests.LoginPageTest@188715b5]" started-at="2025-05-08T15:27:35 EDT" name="tearDown" finished-at="2025-05-08T15:27:37 EDT" duration-ms="1489" status="PASS">
          <reporter-output>
          </reporter-output>
        </test-method> <!-- tearDown -->
      </class> <!-- com.qa.opencart.tests.LoginPageTest -->
    </test> <!-- Login Page Test_edge -->
    <test started-at="2025-05-08T15:27:27 EDT" name="Login Page Test_firefox" finished-at="2025-05-08T15:27:39 EDT" duration-ms="11456">
      <class name="com.qa.opencart.tests.LoginPageTest">
        <test-method is-config="true" signature="setup(java.lang.String)[pri:0, instance:com.qa.opencart.tests.LoginPageTest@50eac852]" started-at="2025-05-08T15:27:27 EDT" name="setup" finished-at="2025-05-08T15:27:34 EDT" duration-ms="7161" status="PASS">
          <params>
            <param index="0">
              <value>
                <![CDATA[firefox]]>
              </value>
            </param>
          </params>
          <reporter-output>
          </reporter-output>
        </test-method> <!-- setup -->
        <test-method signature="forgotPasswordLinkExistTest()[pri:0, instance:com.qa.opencart.tests.LoginPageTest@50eac852]" started-at="2025-05-08T15:27:34 EDT" name="forgotPasswordLinkExistTest" finished-at="2025-05-08T15:27:35 EDT" duration-ms="653" status="PASS">
          <reporter-output>
          </reporter-output>
        </test-method> <!-- forgotPasswordLinkExistTest -->
        <test-method signature="loginPageTitleTest()[pri:0, instance:com.qa.opencart.tests.LoginPageTest@50eac852]" started-at="2025-05-08T15:27:35 EDT" name="loginPageTitleTest" finished-at="2025-05-08T15:27:35 EDT" duration-ms="15" status="PASS">
          <reporter-output>
          </reporter-output>
        </test-method> <!-- loginPageTitleTest -->
        <test-method signature="loginPageURLTest()[pri:0, instance:com.qa.opencart.tests.LoginPageTest@50eac852]" started-at="2025-05-08T15:27:35 EDT" name="loginPageURLTest" finished-at="2025-05-08T15:27:35 EDT" duration-ms="7" status="PASS">
          <reporter-output>
          </reporter-output>
        </test-method> <!-- loginPageURLTest -->
        <test-method signature="doLoginTest()[pri:32767, instance:com.qa.opencart.tests.LoginPageTest@50eac852]" started-at="2025-05-08T15:27:35 EDT" name="doLoginTest" finished-at="2025-05-08T15:27:37 EDT" duration-ms="2327" status="PASS">
          <reporter-output>
          </reporter-output>
        </test-method> <!-- doLoginTest -->
        <test-method is-config="true" signature="tearDown()[pri:0, instance:com.qa.opencart.tests.LoginPageTest@50eac852]" started-at="2025-05-08T15:27:37 EDT" name="tearDown" finished-at="2025-05-08T15:27:39 EDT" duration-ms="1280" status="PASS">
          <reporter-output>
          </reporter-output>
        </test-method> <!-- tearDown -->
      </class> <!-- com.qa.opencart.tests.LoginPageTest -->
    </test> <!-- Login Page Test_firefox -->
  </suite> <!-- Opencart App Test Regression Suite -->
</testng-results>
