<?xml version="1.0" encoding="UTF-8"?>
<testng-results ignored="0" total="4" passed="4" failed="0" skipped="0">
  <reporter-output>
  </reporter-output>
  <suite started-at="2025-05-23T18:46:17 EDT" name="Opencart App Test Sanity Suite" finished-at="2025-05-23T18:46:26 EDT" duration-ms="8222">
    <groups>
    </groups>
    <test started-at="2025-05-23T18:46:17 EDT" name="Login Page Test_chrome" finished-at="2025-05-23T18:46:26 EDT" duration-ms="8222">
      <class name="com.qa.opencart.tests.LoginPageTest">
        <test-method is-config="true" signature="setup(java.lang.String)[pri:0, instance:com.qa.opencart.tests.LoginPageTest@1a1ccaaf]" started-at="2025-05-23T18:46:17 EDT" name="setup" finished-at="2025-05-23T18:46:22 EDT" duration-ms="4302" status="PASS">
          <params>
            <param index="0">
              <value>
                <![CDATA[chrome]]>
              </value>
            </param>
          </params>
          <reporter-output>
          </reporter-output>
        </test-method> <!-- setup -->
        <test-method signature="forgotPasswordLinkExistTest()[pri:0, instance:com.qa.opencart.tests.LoginPageTest@1a1ccaaf]" started-at="2025-05-23T18:46:22 EDT" name="forgotPasswordLinkExistTest" description="forgotPasswordLinkExistTest" finished-at="2025-05-23T18:46:22 EDT" duration-ms="537" status="PASS">
          <reporter-output>
          </reporter-output>
        </test-method> <!-- forgotPasswordLinkExistTest -->
        <test-method is-config="true" signature="attachScreenshot(org.testng.ITestResult)[pri:0, instance:com.qa.opencart.tests.LoginPageTest@1a1ccaaf]" started-at="2025-05-23T18:46:22 EDT" name="attachScreenshot" finished-at="2025-05-23T18:46:22 EDT" duration-ms="3" status="PASS">
          <params>
            <param index="0">
              <value>
                <![CDATA[[TestResult name=forgotPasswordLinkExistTest status=SUCCESS method=LoginPageTest.forgotPasswordLinkExistTest()[pri:0, instance:com.qa.opencart.tests.LoginPageTest@1a1ccaaf] output={null}]]]>
              </value>
            </param>
          </params>
          <reporter-output>
          </reporter-output>
        </test-method> <!-- attachScreenshot -->
        <test-method signature="loginPageTitleTest()[pri:0, instance:com.qa.opencart.tests.LoginPageTest@1a1ccaaf]" started-at="2025-05-23T18:46:22 EDT" name="loginPageTitleTest" description="checking login title" finished-at="2025-05-23T18:46:22 EDT" duration-ms="33" status="PASS">
          <reporter-output>
          </reporter-output>
        </test-method> <!-- loginPageTitleTest -->
        <test-method is-config="true" signature="attachScreenshot(org.testng.ITestResult)[pri:0, instance:com.qa.opencart.tests.LoginPageTest@1a1ccaaf]" started-at="2025-05-23T18:46:22 EDT" name="attachScreenshot" finished-at="2025-05-23T18:46:22 EDT" duration-ms="2" status="PASS">
          <params>
            <param index="0">
              <value>
                <![CDATA[[TestResult name=loginPageTitleTest status=SUCCESS method=LoginPageTest.loginPageTitleTest()[pri:0, instance:com.qa.opencart.tests.LoginPageTest@1a1ccaaf] output={null}]]]>
              </value>
            </param>
          </params>
          <reporter-output>
          </reporter-output>
        </test-method> <!-- attachScreenshot -->
        <test-method signature="loginPageURLTest()[pri:0, instance:com.qa.opencart.tests.LoginPageTest@1a1ccaaf]" started-at="2025-05-23T18:46:22 EDT" name="loginPageURLTest" description="checking login page Url" finished-at="2025-05-23T18:46:22 EDT" duration-ms="20" status="PASS">
          <reporter-output>
          </reporter-output>
        </test-method> <!-- loginPageURLTest -->
        <test-method is-config="true" signature="attachScreenshot(org.testng.ITestResult)[pri:0, instance:com.qa.opencart.tests.LoginPageTest@1a1ccaaf]" started-at="2025-05-23T18:46:22 EDT" name="attachScreenshot" finished-at="2025-05-23T18:46:22 EDT" duration-ms="2" status="PASS">
          <params>
            <param index="0">
              <value>
                <![CDATA[[TestResult name=loginPageURLTest status=SUCCESS method=LoginPageTest.loginPageURLTest()[pri:0, instance:com.qa.opencart.tests.LoginPageTest@1a1ccaaf] output={null}]]]>
              </value>
            </param>
          </params>
          <reporter-output>
          </reporter-output>
        </test-method> <!-- attachScreenshot -->
        <test-method signature="doLoginTest()[pri:32767, instance:com.qa.opencart.tests.LoginPageTest@1a1ccaaf]" started-at="2025-05-23T18:46:22 EDT" name="doLoginTest" description="login with valid credentials" finished-at="2025-05-23T18:46:25 EDT" duration-ms="2931" status="PASS">
          <reporter-output>
          </reporter-output>
        </test-method> <!-- doLoginTest -->
        <test-method is-config="true" signature="attachScreenshot(org.testng.ITestResult)[pri:0, instance:com.qa.opencart.tests.LoginPageTest@1a1ccaaf]" started-at="2025-05-23T18:46:25 EDT" name="attachScreenshot" finished-at="2025-05-23T18:46:25 EDT" duration-ms="1" status="PASS">
          <params>
            <param index="0">
              <value>
                <![CDATA[[TestResult name=doLoginTest status=SUCCESS method=LoginPageTest.doLoginTest()[pri:32767, instance:com.qa.opencart.tests.LoginPageTest@1a1ccaaf] output={null}]]]>
              </value>
            </param>
          </params>
          <reporter-output>
          </reporter-output>
        </test-method> <!-- attachScreenshot -->
        <test-method is-config="true" signature="tearDown()[pri:0, instance:com.qa.opencart.tests.LoginPageTest@1a1ccaaf]" started-at="2025-05-23T18:46:25 EDT" name="tearDown" finished-at="2025-05-23T18:46:26 EDT" duration-ms="200" status="PASS">
          <reporter-output>
          </reporter-output>
        </test-method> <!-- tearDown -->
      </class> <!-- com.qa.opencart.tests.LoginPageTest -->
    </test> <!-- Login Page Test_chrome -->
  </suite> <!-- Opencart App Test Sanity Suite -->
</testng-results>
